


ARM Macro Assembler    Page 1 


    1 00000000         ;/*
    2 00000000         ; * File      : context_rvds.S
    3 00000000         ; * This file is part of RT-Thread RTOS
    4 00000000         ; * COPYRIGHT (C) 2009, RT-Thread Development Team
    5 00000000         ; *
    6 00000000         ; * The license and distribution terms for this file may
                        be
    7 00000000         ; * found in the file LICENSE in this distribution or at
                       
    8 00000000         ; * http://www.rt-thread.org/license/LICENSE
    9 00000000         ; *
   10 00000000         ; * Change Logs:
   11 00000000         ; * Date           Author       Notes
   12 00000000         ; * 2009-01-17     Bernard      first version
   13 00000000         ; * 2013-06-18     aozima       add restore MSP feature.
                       
   14 00000000         ; */
   15 00000000         
   16 00000000         ;/**
   17 00000000         ; * @addtogroup CORTEX-M3
   18 00000000         ; */
   19 00000000         ;/*@{*/
   20 00000000         
   21 00000000 E000ED08 
                       SCB_VTOR
                               EQU              0xE000ED08  ; Vector Table Offs
                                                            et Register
   22 00000000 E000ED04 
                       NVIC_INT_CTRL
                               EQU              0xE000ED04  ; interrupt control
                                                             state register
   23 00000000 E000ED20 
                       NVIC_SYSPRI2
                               EQU              0xE000ED20  ; system priority r
                                                            egister (2)
   24 00000000 00FF0000 
                       NVIC_PENDSV_PRI
                               EQU              0x00FF0000  ; PendSV priority v
                                                            alue (lowest)
   25 00000000 10000000 
                       NVIC_PENDSVSET
                               EQU              0x10000000  ; value to trigger 
                                                            PendSV exception
   26 00000000         
   27 00000000                 AREA             |.text|, CODE, READONLY, ALIGN=
2
   28 00000000                 THUMB
   29 00000000                 REQUIRE8
   30 00000000                 PRESERVE8
   31 00000000         
   32 00000000                 IMPORT           rt_thread_switch_interrupt_flag
   33 00000000                 IMPORT           rt_interrupt_from_thread
   34 00000000                 IMPORT           rt_interrupt_to_thread
   35 00000000         
   36 00000000         ;/*
   37 00000000         ; * rt_base_t rt_hw_interrupt_disable();
   38 00000000         ; */
   39 00000000         rt_hw_interrupt_disable
                               PROC



ARM Macro Assembler    Page 2 


   40 00000000                 EXPORT           rt_hw_interrupt_disable
   41 00000000 F3EF 8010       MRS              r0, PRIMASK
   42 00000004 B672            CPSID            I
   43 00000006 4770            BX               LR
   44 00000008                 ENDP
   45 00000008         
   46 00000008         ;/*
   47 00000008         ; * void rt_hw_interrupt_enable(rt_base_t level);
   48 00000008         ; */
   49 00000008         rt_hw_interrupt_enable
                               PROC
   50 00000008                 EXPORT           rt_hw_interrupt_enable
   51 00000008 F380 8810       MSR              PRIMASK, r0
   52 0000000C 4770            BX               LR
   53 0000000E                 ENDP
   54 0000000E         
   55 0000000E         ;/*
   56 0000000E         ; * void rt_hw_context_switch(rt_uint32 from, rt_uint32 
                       to);
   57 0000000E         ; * r0 --> from
   58 0000000E         ; * r1 --> to
   59 0000000E         ; */
   60 0000000E         rt_hw_context_switch_interrupt
   61 0000000E                 EXPORT           rt_hw_context_switch_interrupt
   62 0000000E         rt_hw_context_switch
                               PROC
   63 0000000E                 EXPORT           rt_hw_context_switch
   64 0000000E         
   65 0000000E         ; set rt_thread_switch_interrupt_flag to 1
   66 0000000E 4A2B            LDR              r2, =rt_thread_switch_interrupt
_flag
   67 00000010 6813            LDR              r3, [r2]
   68 00000012 2B01            CMP              r3, #1
   69 00000014 D004            BEQ              _reswitch
   70 00000016 F04F 0301       MOV              r3, #1
   71 0000001A 6013            STR              r3, [r2]
   72 0000001C         
   73 0000001C 4A28            LDR              r2, =rt_interrupt_from_thread ;
                                                             set rt_interrupt_f
                                                            rom_thread
   74 0000001E 6010            STR              r0, [r2]
   75 00000020         
   76 00000020         _reswitch
   77 00000020 4A28            LDR              r2, =rt_interrupt_to_thread ; s
                                                            et rt_interrupt_to_
                                                            thread
   78 00000022 6011            STR              r1, [r2]
   79 00000024         
   80 00000024 4828            LDR              r0, =NVIC_INT_CTRL ; trigger th
                                                            e PendSV exception 
                                                            (causes context swi
                                                            tch)
   81 00000026 F04F 5180       LDR              r1, =NVIC_PENDSVSET
   82 0000002A 6001            STR              r1, [r0]
   83 0000002C 4770            BX               LR
   84 0000002E                 ENDP
   85 0000002E         
   86 0000002E         ; r0 --> swith from thread stack
   87 0000002E         ; r1 --> swith to thread stack



ARM Macro Assembler    Page 3 


   88 0000002E         ; psr, pc, lr, r12, r3, r2, r1, r0 are pushed into [from
                       ] stack
   89 0000002E         PendSV_Handler
                               PROC
   90 0000002E                 EXPORT           PendSV_Handler
   91 0000002E         
   92 0000002E         ; disable interrupt to protect context switch
   93 0000002E F3EF 8210       MRS              r2, PRIMASK
   94 00000032 B672            CPSID            I
   95 00000034         
   96 00000034         ; get rt_thread_switch_interrupt_flag
   97 00000034 4821            LDR              r0, =rt_thread_switch_interrupt
_flag
   98 00000036 6801            LDR              r1, [r0]
   99 00000038 B191            CBZ              r1, pendsv_exit ; pendsv alread
                                                            y handled
  100 0000003A         
  101 0000003A         ; clear rt_thread_switch_interrupt_flag to 0
  102 0000003A F04F 0100       MOV              r1, #0x00
  103 0000003E 6001            STR              r1, [r0]
  104 00000040         
  105 00000040 481F            LDR              r0, =rt_interrupt_from_thread
  106 00000042 6801            LDR              r1, [r0]
  107 00000044 B129            CBZ              r1, swtich_to_thread ; skip reg
                                                            ister save at the f
                                                            irst time
  108 00000046         
  109 00000046 F3EF 8109       MRS              r1, psp     ; get from thread s
                                                            tack pointer
  110 0000004A E921 0FF0       STMFD            r1!, {r4 - r11} ; push r4 - r11
                                                             register
  111 0000004E 6800            LDR              r0, [r0]
  112 00000050 6001            STR              r1, [r0]    ; update from threa
                                                            d stack pointer
  113 00000052         
  114 00000052         swtich_to_thread
  115 00000052 491C            LDR              r1, =rt_interrupt_to_thread
  116 00000054 6809            LDR              r1, [r1]
  117 00000056 6809            LDR              r1, [r1]    ; load thread stack
                                                             pointer
  118 00000058         
  119 00000058 E8B1 0FF0       LDMFD            r1!, {r4 - r11} ; pop r4 - r11 
                                                            register
  120 0000005C F381 8809       MSR              psp, r1     ; update stack poin
                                                            ter
  121 00000060         
  122 00000060         pendsv_exit
  123 00000060         ; restore interrupt
  124 00000060 F382 8810       MSR              PRIMASK, r2
  125 00000064         
  126 00000064 F04E 0E04       ORR              lr, lr, #0x04
  127 00000068 4770            BX               lr
  128 0000006A                 ENDP
  129 0000006A         
  130 0000006A         ;/*
  131 0000006A         ; * void rt_hw_context_switch_to(rt_uint32 to);
  132 0000006A         ; * r0 --> to
  133 0000006A         ; * this fucntion is used to perform the first thread sw
                       itch



ARM Macro Assembler    Page 4 


  134 0000006A         ; */
  135 0000006A         rt_hw_context_switch_to
                               PROC
  136 0000006A                 EXPORT           rt_hw_context_switch_to
  137 0000006A         ; set to thread
  138 0000006A 4916            LDR              r1, =rt_interrupt_to_thread
  139 0000006C 6008            STR              r0, [r1]
  140 0000006E         
  141 0000006E         ; set from thread to 0
  142 0000006E 4914            LDR              r1, =rt_interrupt_from_thread
  143 00000070 F04F 0000       MOV              r0, #0x0
  144 00000074 6008            STR              r0, [r1]
  145 00000076         
  146 00000076         ; set interrupt flag to 1
  147 00000076 4911            LDR              r1, =rt_thread_switch_interrupt
_flag
  148 00000078 F04F 0001       MOV              r0, #1
  149 0000007C 6008            STR              r0, [r1]
  150 0000007E         
  151 0000007E         ; set the PendSV exception priority
  152 0000007E 4813            LDR              r0, =NVIC_SYSPRI2
  153 00000080 F44F 017F       LDR              r1, =NVIC_PENDSV_PRI
  154 00000084 F8D0 2000       LDR.W            r2, [r0,#0x00] ; read
  155 00000088 EA41 0102       ORR              r1,r1,r2    ; modify
  156 0000008C 6001            STR              r1, [r0]    ; write-back
  157 0000008E         
  158 0000008E         ; trigger the PendSV exception (causes context switch)
  159 0000008E 480E            LDR              r0, =NVIC_INT_CTRL
  160 00000090 F04F 5180       LDR              r1, =NVIC_PENDSVSET
  161 00000094 6001            STR              r1, [r0]
  162 00000096         
  163 00000096         ; restore MSP
  164 00000096 480E            LDR              r0, =SCB_VTOR
  165 00000098 6800            LDR              r0, [r0]
  166 0000009A 6800            LDR              r0, [r0]
  167 0000009C BF00            NOP
  168 0000009E F380 8808       MSR              msp, r0
  169 000000A2         
  170 000000A2         ; enable interrupts at processor level
  171 000000A2 B662            CPSIE            I
  172 000000A4         
  173 000000A4         ; never reach here!
  174 000000A4                 ENDP
  175 000000A4         
  176 000000A4         ; compatible with old version
  177 000000A4         rt_hw_interrupt_thread_switch
                               PROC
  178 000000A4                 EXPORT           rt_hw_interrupt_thread_switch
  179 000000A4 4770            BX               lr
  180 000000A6 BF00            NOP
  181 000000A8                 ENDP
  182 000000A8         
  183 000000A8                 IMPORT           rt_hw_hard_fault_exception
  184 000000A8                 EXPORT           HardFault_Handler
  185 000000A8         HardFault_Handler
                               PROC
  186 000000A8         
  187 000000A8         ; get current context
  188 000000A8 F3EF 8009       MRS              r0, psp     ; get fault thread 



ARM Macro Assembler    Page 5 


                                                            stack pointer
  189 000000AC B500            PUSH             {lr}
  190 000000AE F7FF FFFE       BL               rt_hw_hard_fault_exception
  191 000000B2 F85D EB04       POP              {lr}
  192 000000B6         
  193 000000B6 F04E 0E04       ORR              lr, lr, #0x04
  194 000000BA 4770            BX               lr
  195 000000BC                 ENDP
  196 000000BC         
  197 000000BC                 END
              00000000 
              00000000 
              00000000 
              E000ED04 
              E000ED20 
              E000ED08 
Command Line: --debug --xref --cpu=Cortex-M3 --apcs=interwork --depend=.\build\
context_rvds.d -o.\build\context_rvds.o -Id:\Keil\ARM\CMSIS\Include -Id:\Keil\A
RM\INC\ST\STM32F10x --predefine="__RTX SETA 1" --list=.\context_rvds.lst ..\..\
libcpu\arm\cortex-m3\context_rvds.S



ARM Macro Assembler    Page 1 Alphabetic symbol ordering
Relocatable symbols

.text 00000000

Symbol: .text
   Definitions
      At line 27 in file ..\..\libcpu\arm\cortex-m3\context_rvds.S
   Uses
      None
Comment: .text unused
HardFault_Handler 000000A8

Symbol: HardFault_Handler
   Definitions
      At line 185 in file ..\..\libcpu\arm\cortex-m3\context_rvds.S
   Uses
      At line 184 in file ..\..\libcpu\arm\cortex-m3\context_rvds.S
Comment: HardFault_Handler used once
PendSV_Handler 0000002E

Symbol: PendSV_Handler
   Definitions
      At line 89 in file ..\..\libcpu\arm\cortex-m3\context_rvds.S
   Uses
      At line 90 in file ..\..\libcpu\arm\cortex-m3\context_rvds.S
Comment: PendSV_Handler used once
_reswitch 00000020

Symbol: _reswitch
   Definitions
      At line 76 in file ..\..\libcpu\arm\cortex-m3\context_rvds.S
   Uses
      At line 69 in file ..\..\libcpu\arm\cortex-m3\context_rvds.S
Comment: _reswitch used once
pendsv_exit 00000060

Symbol: pendsv_exit
   Definitions
      At line 122 in file ..\..\libcpu\arm\cortex-m3\context_rvds.S
   Uses
      At line 99 in file ..\..\libcpu\arm\cortex-m3\context_rvds.S
Comment: pendsv_exit used once
rt_hw_context_switch 0000000E

Symbol: rt_hw_context_switch
   Definitions
      At line 62 in file ..\..\libcpu\arm\cortex-m3\context_rvds.S
   Uses
      At line 63 in file ..\..\libcpu\arm\cortex-m3\context_rvds.S
Comment: rt_hw_context_switch used once
rt_hw_context_switch_interrupt 0000000E

Symbol: rt_hw_context_switch_interrupt
   Definitions
      At line 60 in file ..\..\libcpu\arm\cortex-m3\context_rvds.S
   Uses
      At line 61 in file ..\..\libcpu\arm\cortex-m3\context_rvds.S
Comment: rt_hw_context_switch_interrupt used once
rt_hw_context_switch_to 0000006A

Symbol: rt_hw_context_switch_to



ARM Macro Assembler    Page 2 Alphabetic symbol ordering
Relocatable symbols

   Definitions
      At line 135 in file ..\..\libcpu\arm\cortex-m3\context_rvds.S
   Uses
      At line 136 in file ..\..\libcpu\arm\cortex-m3\context_rvds.S
Comment: rt_hw_context_switch_to used once
rt_hw_interrupt_disable 00000000

Symbol: rt_hw_interrupt_disable
   Definitions
      At line 39 in file ..\..\libcpu\arm\cortex-m3\context_rvds.S
   Uses
      At line 40 in file ..\..\libcpu\arm\cortex-m3\context_rvds.S
Comment: rt_hw_interrupt_disable used once
rt_hw_interrupt_enable 00000008

Symbol: rt_hw_interrupt_enable
   Definitions
      At line 49 in file ..\..\libcpu\arm\cortex-m3\context_rvds.S
   Uses
      At line 50 in file ..\..\libcpu\arm\cortex-m3\context_rvds.S
Comment: rt_hw_interrupt_enable used once
rt_hw_interrupt_thread_switch 000000A4

Symbol: rt_hw_interrupt_thread_switch
   Definitions
      At line 177 in file ..\..\libcpu\arm\cortex-m3\context_rvds.S
   Uses
      At line 178 in file ..\..\libcpu\arm\cortex-m3\context_rvds.S
Comment: rt_hw_interrupt_thread_switch used once
swtich_to_thread 00000052

Symbol: swtich_to_thread
   Definitions
      At line 114 in file ..\..\libcpu\arm\cortex-m3\context_rvds.S
   Uses
      At line 107 in file ..\..\libcpu\arm\cortex-m3\context_rvds.S
Comment: swtich_to_thread used once
12 symbols



ARM Macro Assembler    Page 1 Alphabetic symbol ordering
Absolute symbols

NVIC_INT_CTRL E000ED04

Symbol: NVIC_INT_CTRL
   Definitions
      At line 22 in file ..\..\libcpu\arm\cortex-m3\context_rvds.S
   Uses
      At line 80 in file ..\..\libcpu\arm\cortex-m3\context_rvds.S
      At line 159 in file ..\..\libcpu\arm\cortex-m3\context_rvds.S

NVIC_PENDSVSET 10000000

Symbol: NVIC_PENDSVSET
   Definitions
      At line 25 in file ..\..\libcpu\arm\cortex-m3\context_rvds.S
   Uses
      At line 81 in file ..\..\libcpu\arm\cortex-m3\context_rvds.S
      At line 160 in file ..\..\libcpu\arm\cortex-m3\context_rvds.S

NVIC_PENDSV_PRI 00FF0000

Symbol: NVIC_PENDSV_PRI
   Definitions
      At line 24 in file ..\..\libcpu\arm\cortex-m3\context_rvds.S
   Uses
      At line 153 in file ..\..\libcpu\arm\cortex-m3\context_rvds.S
Comment: NVIC_PENDSV_PRI used once
NVIC_SYSPRI2 E000ED20

Symbol: NVIC_SYSPRI2
   Definitions
      At line 23 in file ..\..\libcpu\arm\cortex-m3\context_rvds.S
   Uses
      At line 152 in file ..\..\libcpu\arm\cortex-m3\context_rvds.S
Comment: NVIC_SYSPRI2 used once
SCB_VTOR E000ED08

Symbol: SCB_VTOR
   Definitions
      At line 21 in file ..\..\libcpu\arm\cortex-m3\context_rvds.S
   Uses
      At line 164 in file ..\..\libcpu\arm\cortex-m3\context_rvds.S
Comment: SCB_VTOR used once
5 symbols



ARM Macro Assembler    Page 1 Alphabetic symbol ordering
External symbols

rt_hw_hard_fault_exception 00000000

Symbol: rt_hw_hard_fault_exception
   Definitions
      At line 183 in file ..\..\libcpu\arm\cortex-m3\context_rvds.S
   Uses
      At line 190 in file ..\..\libcpu\arm\cortex-m3\context_rvds.S
Comment: rt_hw_hard_fault_exception used once
rt_interrupt_from_thread 00000000

Symbol: rt_interrupt_from_thread
   Definitions
      At line 33 in file ..\..\libcpu\arm\cortex-m3\context_rvds.S
   Uses
      At line 73 in file ..\..\libcpu\arm\cortex-m3\context_rvds.S
      At line 105 in file ..\..\libcpu\arm\cortex-m3\context_rvds.S
      At line 142 in file ..\..\libcpu\arm\cortex-m3\context_rvds.S

rt_interrupt_to_thread 00000000

Symbol: rt_interrupt_to_thread
   Definitions
      At line 34 in file ..\..\libcpu\arm\cortex-m3\context_rvds.S
   Uses
      At line 77 in file ..\..\libcpu\arm\cortex-m3\context_rvds.S
      At line 115 in file ..\..\libcpu\arm\cortex-m3\context_rvds.S
      At line 138 in file ..\..\libcpu\arm\cortex-m3\context_rvds.S

rt_thread_switch_interrupt_flag 00000000

Symbol: rt_thread_switch_interrupt_flag
   Definitions
      At line 32 in file ..\..\libcpu\arm\cortex-m3\context_rvds.S
   Uses
      At line 66 in file ..\..\libcpu\arm\cortex-m3\context_rvds.S
      At line 97 in file ..\..\libcpu\arm\cortex-m3\context_rvds.S
      At line 147 in file ..\..\libcpu\arm\cortex-m3\context_rvds.S

4 symbols
354 symbols in table
